21:45:49.825 [main] DEBUG io.netty.util.internal.PlatformDependent0 - java.nio.Bits.unaligned: available, true
21:45:49.832 [main] DEBUG io.netty.util.internal.PlatformDependent0 - jdk.internal.misc.Unsafe.allocateUninitializedArray(int): unavailable
java.lang.IllegalAccessException: class io.netty.util.internal.PlatformDependent0$6 cannot access class jdk.internal.misc.Unsafe (in module java.base) because module java.base does not export jdk.internal.misc to unnamed module @71be98f5
	at jdk.internal.reflect.Reflection.newIllegalAccessException(Reflection.java:394) ~[?:?]
	at java.lang.reflect.AccessibleObject.checkAccess(AccessibleObject.java:674) ~[?:?]
	at java.lang.reflect.Method.invoke(Method.java:568) ~[?:?]
	at io.netty.util.internal.PlatformDependent0$6.run(PlatformDependent0.java:352) ~[netty-common-4.1.58.Final.jar:4.1.58.Final]
	at java.security.AccessController.doPrivileged(AccessController.java:318) ~[?:?]
	at io.netty.util.internal.PlatformDependent0.<clinit>(PlatformDependent0.java:343) ~[netty-common-4.1.58.Final.jar:4.1.58.Final]
	at io.netty.util.internal.PlatformDependent.isAndroid(PlatformDependent.java:293) ~[netty-common-4.1.58.Final.jar:4.1.58.Final]
	at io.netty.util.internal.PlatformDependent.<clinit>(PlatformDependent.java:92) ~[netty-common-4.1.58.Final.jar:4.1.58.Final]
	at io.netty.util.HashedWheelTimer.<init>(HashedWheelTimer.java:109) ~[netty-common-4.1.58.Final.jar:4.1.58.Final]
	at io.netty.util.HashedWheelTimer.<init>(HashedWheelTimer.java:218) ~[netty-common-4.1.58.Final.jar:4.1.58.Final]
	at io.netty.util.HashedWheelTimer.<init>(HashedWheelTimer.java:197) ~[netty-common-4.1.58.Final.jar:4.1.58.Final]
	at org.asynchttpclient.DefaultAsyncHttpClient.newNettyTimer(DefaultAsyncHttpClient.java:111) ~[async-http-client-2.12.2.jar:?]
	at org.asynchttpclient.DefaultAsyncHttpClient.<init>(DefaultAsyncHttpClient.java:90) ~[async-http-client-2.12.2.jar:?]
	at org.asynchttpclient.Dsl.asyncHttpClient(Dsl.java:32) ~[async-http-client-2.12.2.jar:?]
	at org.openqa.selenium.remote.http.netty.NettyClient.createHttpClient(NettyClient.java:98) ~[selenium-remote-driver-4.0.0-beta-3.jar:?]
	at org.openqa.selenium.remote.http.netty.NettyClient.<clinit>(NettyClient.java:51) ~[selenium-remote-driver-4.0.0-beta-3.jar:?]
	at org.openqa.selenium.remote.http.netty.NettyClient$Factory.createClient(NettyClient.java:147) ~[selenium-remote-driver-4.0.0-beta-3.jar:?]
	at org.openqa.selenium.remote.HttpCommandExecutor.<init>(HttpCommandExecutor.java:107) ~[selenium-remote-driver-4.0.0-beta-3.jar:?]
	at org.openqa.selenium.remote.HttpCommandExecutor.<init>(HttpCommandExecutor.java:94) ~[selenium-remote-driver-4.0.0-beta-3.jar:?]
	at org.openqa.selenium.remote.HttpCommandExecutor.<init>(HttpCommandExecutor.java:85) ~[selenium-remote-driver-4.0.0-beta-3.jar:?]
	at org.openqa.selenium.remote.service.DriverCommandExecutor.<init>(DriverCommandExecutor.java:68) ~[selenium-remote-driver-4.0.0-beta-3.jar:?]
	at org.openqa.selenium.firefox.FirefoxDriver$FirefoxDriverCommandExecutor.<init>(FirefoxDriver.java:160) ~[selenium-firefox-driver-4.0.0-beta-3.jar:?]
	at org.openqa.selenium.firefox.FirefoxDriver.toExecutor(FirefoxDriver.java:236) ~[selenium-firefox-driver-4.0.0-beta-3.jar:?]
	at org.openqa.selenium.firefox.FirefoxDriver.<init>(FirefoxDriver.java:193) ~[selenium-firefox-driver-4.0.0-beta-3.jar:?]
	at org.openqa.selenium.firefox.FirefoxDriver.<init>(FirefoxDriver.java:171) ~[selenium-firefox-driver-4.0.0-beta-3.jar:?]
	at stepDefinitions.steps.user_launch_browser(steps.java:58) ~[test-classes/:?]
	at jdk.internal.reflect.DirectMethodHandleAccessor.invoke(DirectMethodHandleAccessor.java:104) ~[?:?]
	at java.lang.reflect.Method.invoke(Method.java:577) ~[?:?]
	at io.cucumber.java.Invoker.doInvoke(Invoker.java:66) ~[cucumber-java-6.10.4.jar:6.10.4]
	at io.cucumber.java.Invoker.invoke(Invoker.java:24) ~[cucumber-java-6.10.4.jar:6.10.4]
	at io.cucumber.java.AbstractGlueDefinition.invokeMethod(AbstractGlueDefinition.java:47) ~[cucumber-java-6.10.4.jar:6.10.4]
	at io.cucumber.java.JavaStepDefinition.execute(JavaStepDefinition.java:29) ~[cucumber-java-6.10.4.jar:6.10.4]
	at io.cucumber.core.runner.CoreStepDefinition.execute(CoreStepDefinition.java:66) ~[cucumber-core-6.10.4.jar:6.10.4]
	at io.cucumber.core.runner.PickleStepDefinitionMatch.runStep(PickleStepDefinitionMatch.java:63) ~[cucumber-core-6.10.4.jar:6.10.4]
	at io.cucumber.core.runner.ExecutionMode$1.execute(ExecutionMode.java:10) ~[cucumber-core-6.10.4.jar:6.10.4]
	at io.cucumber.core.runner.TestStep.executeStep(TestStep.java:92) ~[cucumber-core-6.10.4.jar:6.10.4]
	at io.cucumber.core.runner.TestStep.run(TestStep.java:64) ~[cucumber-core-6.10.4.jar:6.10.4]
	at io.cucumber.core.runner.PickleStepTestStep.run(PickleStepTestStep.java:51) ~[cucumber-core-6.10.4.jar:6.10.4]
	at io.cucumber.core.runner.TestCase.run(TestCase.java:104) ~[cucumber-core-6.10.4.jar:6.10.4]
	at io.cucumber.core.runner.Runner.runPickle(Runner.java:73) ~[cucumber-core-6.10.4.jar:6.10.4]
	at io.cucumber.core.runtime.Runtime.lambda$execute$5(Runtime.java:110) ~[cucumber-core-6.10.4.jar:6.10.4]
	at io.cucumber.core.runtime.CucumberExecutionContext.runTestCase(CucumberExecutionContext.java:117) ~[cucumber-core-6.10.4.jar:6.10.4]
	at io.cucumber.core.runtime.Runtime.lambda$execute$6(Runtime.java:110) ~[cucumber-core-6.10.4.jar:6.10.4]
	at java.util.concurrent.Executors$RunnableAdapter.call(Executors.java:539) ~[?:?]
	at java.util.concurrent.FutureTask.run(FutureTask.java:264) ~[?:?]
	at io.cucumber.core.runtime.Runtime$SameThreadExecutorService.execute(Runtime.java:233) ~[cucumber-core-6.10.4.jar:6.10.4]
	at java.util.concurrent.AbstractExecutorService.submit(AbstractExecutorService.java:123) ~[?:?]
	at io.cucumber.core.runtime.Runtime.lambda$run$2(Runtime.java:86) ~[cucumber-core-6.10.4.jar:6.10.4]
	at java.util.stream.ReferencePipeline$3$1.accept(ReferencePipeline.java:197) [?:?]
	at java.util.stream.SliceOps$1$1.accept(SliceOps.java:200) [?:?]
	at java.util.ArrayList$ArrayListSpliterator.tryAdvance(ArrayList.java:1602) [?:?]
	at java.util.stream.ReferencePipeline.forEachWithCancel(ReferencePipeline.java:129) [?:?]
	at java.util.stream.AbstractPipeline.copyIntoWithCancel(AbstractPipeline.java:527) [?:?]
	at java.util.stream.AbstractPipeline.copyInto(AbstractPipeline.java:513) [?:?]
	at java.util.stream.AbstractPipeline.wrapAndCopyInto(AbstractPipeline.java:499) [?:?]
	at java.util.stream.ReduceOps$ReduceOp.evaluateSequential(ReduceOps.java:921) [?:?]
	at java.util.stream.AbstractPipeline.evaluate(AbstractPipeline.java:234) [?:?]
	at java.util.stream.ReferencePipeline.collect(ReferencePipeline.java:682) [?:?]
	at io.cucumber.core.runtime.Runtime.run(Runtime.java:87) [cucumber-core-6.10.4.jar:6.10.4]
	at io.cucumber.core.cli.Main.run(Main.java:92) [cucumber-core-6.10.4.jar:6.10.4]
	at cucumber.api.cli.Main.run(Main.java:30) [cucumber-core-6.10.4.jar:6.10.4]
	at cucumber.api.cli.Main.main(Main.java:15) [cucumber-core-6.10.4.jar:6.10.4]
21:45:49.834 [main] DEBUG io.netty.util.internal.PlatformDependent0 - java.nio.DirectByteBuffer.<init>(long, int): unavailable
21:45:49.834 [main] DEBUG io.netty.util.internal.PlatformDependent - sun.misc.Unsafe: available
21:45:49.835 [main] DEBUG io.netty.util.internal.PlatformDependent - maxDirectMemory: 4269801472 bytes (maybe)
21:45:49.835 [main] DEBUG io.netty.util.internal.PlatformDependent - -Dio.netty.tmpdir: C:\Users\PC\AppData\Local\Temp (java.io.tmpdir)
21:45:49.836 [main] DEBUG io.netty.util.internal.PlatformDependent - -Dio.netty.bitMode: 64 (sun.arch.data.model)
21:45:49.836 [main] DEBUG io.netty.util.internal.PlatformDependent - -Dio.netty.maxDirectMemory: -1 bytes
21:45:49.837 [main] DEBUG io.netty.util.internal.PlatformDependent - -Dio.netty.uninitializedArrayAllocationThreshold: -1
21:45:49.838 [main] DEBUG io.netty.util.internal.CleanerJava9 - java.nio.ByteBuffer.cleaner(): available
21:45:49.839 [main] DEBUG io.netty.util.internal.PlatformDependent - -Dio.netty.noPreferDirect: false
21:45:49.850 [main] DEBUG io.netty.util.internal.PlatformDependent - org.jctools-core.MpscChunkedArrayQueue: available
21:45:49.878 [main] DEBUG io.netty.util.internal.InternalThreadLocalMap - -Dio.netty.threadLocalMap.stringBuilder.initialSize: 1024
21:45:49.878 [main] DEBUG io.netty.util.internal.InternalThreadLocalMap - -Dio.netty.threadLocalMap.stringBuilder.maxSize: 4096
21:45:49.933 [main] DEBUG io.netty.handler.ssl.JdkSslContext - Default protocols (JDK): [TLSv1.3, TLSv1.2] 
21:45:49.933 [main] DEBUG io.netty.handler.ssl.JdkSslContext - Default cipher suites (JDK): [TLS_ECDHE_ECDSA_WITH_AES_256_GCM_SHA384, TLS_ECDHE_ECDSA_WITH_AES_128_GCM_SHA256, TLS_ECDHE_RSA_WITH_AES_128_GCM_SHA256, TLS_ECDHE_RSA_WITH_AES_256_GCM_SHA384, TLS_ECDHE_RSA_WITH_AES_128_CBC_SHA, TLS_ECDHE_RSA_WITH_AES_256_CBC_SHA, TLS_RSA_WITH_AES_128_GCM_SHA256, TLS_RSA_WITH_AES_128_CBC_SHA, TLS_RSA_WITH_AES_256_CBC_SHA, TLS_AES_128_GCM_SHA256, TLS_AES_256_GCM_SHA384]
21:45:49.963 [main] DEBUG io.netty.channel.MultithreadEventLoopGroup - -Dio.netty.eventLoopThreads: 8
21:45:49.973 [main] DEBUG io.netty.channel.nio.NioEventLoop - -Dio.netty.noKeySetOptimization: false
21:45:49.973 [main] DEBUG io.netty.channel.nio.NioEventLoop - -Dio.netty.selectorAutoRebuildThreshold: 512
21:45:49.986 [main] TRACE io.netty.channel.nio.NioEventLoop - instrumented a special java.util.Set into: sun.nio.ch.WEPollSelectorImpl@2f98635e
21:45:49.988 [main] TRACE io.netty.channel.nio.NioEventLoop - instrumented a special java.util.Set into: sun.nio.ch.WEPollSelectorImpl@2cec704c
21:45:49.989 [main] TRACE io.netty.channel.nio.NioEventLoop - instrumented a special java.util.Set into: sun.nio.ch.WEPollSelectorImpl@771cbb1a
21:45:49.990 [main] TRACE io.netty.channel.nio.NioEventLoop - instrumented a special java.util.Set into: sun.nio.ch.WEPollSelectorImpl@2416498e
21:45:49.990 [main] TRACE io.netty.channel.nio.NioEventLoop - instrumented a special java.util.Set into: sun.nio.ch.WEPollSelectorImpl@6b2e0f78
21:45:49.992 [main] TRACE io.netty.channel.nio.NioEventLoop - instrumented a special java.util.Set into: sun.nio.ch.WEPollSelectorImpl@240f6c41
21:45:49.994 [main] TRACE io.netty.channel.nio.NioEventLoop - instrumented a special java.util.Set into: sun.nio.ch.WEPollSelectorImpl@3659d7b1
21:45:49.996 [main] TRACE io.netty.channel.nio.NioEventLoop - instrumented a special java.util.Set into: sun.nio.ch.WEPollSelectorImpl@2015b2cd
21:45:50.022 [main] DEBUG io.netty.buffer.PooledByteBufAllocator - -Dio.netty.allocator.numHeapArenas: 8
21:45:50.022 [main] DEBUG io.netty.buffer.PooledByteBufAllocator - -Dio.netty.allocator.numDirectArenas: 8
21:45:50.022 [main] DEBUG io.netty.buffer.PooledByteBufAllocator - -Dio.netty.allocator.pageSize: 8192
21:45:50.023 [main] DEBUG io.netty.buffer.PooledByteBufAllocator - -Dio.netty.allocator.maxOrder: 11
21:45:50.023 [main] DEBUG io.netty.buffer.PooledByteBufAllocator - -Dio.netty.allocator.chunkSize: 16777216
21:45:50.023 [main] DEBUG io.netty.buffer.PooledByteBufAllocator - -Dio.netty.allocator.smallCacheSize: 256
21:45:50.023 [main] DEBUG io.netty.buffer.PooledByteBufAllocator - -Dio.netty.allocator.normalCacheSize: 64
21:45:50.023 [main] DEBUG io.netty.buffer.PooledByteBufAllocator - -Dio.netty.allocator.maxCachedBufferCapacity: 32768
21:45:50.023 [main] DEBUG io.netty.buffer.PooledByteBufAllocator - -Dio.netty.allocator.cacheTrimInterval: 8192
21:45:50.023 [main] DEBUG io.netty.buffer.PooledByteBufAllocator - -Dio.netty.allocator.cacheTrimIntervalMillis: 0
21:45:50.023 [main] DEBUG io.netty.buffer.PooledByteBufAllocator - -Dio.netty.allocator.useCacheForAllThreads: true
21:45:50.023 [main] DEBUG io.netty.buffer.PooledByteBufAllocator - -Dio.netty.allocator.maxCachedByteBuffersPerChunk: 1023
21:45:50.034 [main] DEBUG io.netty.buffer.ByteBufUtil - -Dio.netty.allocator.type: pooled
21:45:50.034 [main] DEBUG io.netty.buffer.ByteBufUtil - -Dio.netty.threadLocalDirectBufferSize: 0
21:45:50.035 [main] DEBUG io.netty.buffer.ByteBufUtil - -Dio.netty.maxThreadLocalCharBufferSize: 16384
21:45:50.444 [Forwarding newSession on session null to remote] DEBUG io.netty.channel.DefaultChannelId - -Dio.netty.processId: 1644 (auto-detected)
21:45:50.447 [Forwarding newSession on session null to remote] DEBUG io.netty.util.NetUtil - -Djava.net.preferIPv4Stack: false
21:45:50.447 [Forwarding newSession on session null to remote] DEBUG io.netty.util.NetUtil - -Djava.net.preferIPv6Addresses: false
21:45:50.462 [Forwarding newSession on session null to remote] DEBUG io.netty.util.NetUtilInitializations - Loopback interface: lo (Software Loopback Interface 1, 127.0.0.1)
21:45:50.463 [Forwarding newSession on session null to remote] DEBUG io.netty.util.NetUtil - Failed to get SOMAXCONN from sysctl and file \proc\sys\net\core\somaxconn. Default: 200
21:45:50.511 [Forwarding newSession on session null to remote] DEBUG io.netty.channel.DefaultChannelId - -Dio.netty.machineId: 48:51:b7:ff:fe:1b:04:36 (auto-detected)
21:45:50.564 [AsyncHttpClient-1-2] DEBUG io.netty.buffer.AbstractByteBuf - -Dio.netty.buffer.checkAccessible: true
21:45:50.564 [AsyncHttpClient-1-2] DEBUG io.netty.buffer.AbstractByteBuf - -Dio.netty.buffer.checkBounds: true
21:45:50.565 [AsyncHttpClient-1-2] DEBUG io.netty.util.ResourceLeakDetectorFactory - Loaded default ResourceLeakDetector: io.netty.util.ResourceLeakDetector@57e75efb
21:45:50.589 [AsyncHttpClient-1-2] DEBUG io.netty.util.Recycler - -Dio.netty.recycler.maxCapacityPerThread: 4096
21:45:50.589 [AsyncHttpClient-1-2] DEBUG io.netty.util.Recycler - -Dio.netty.recycler.maxSharedCapacityFactor: 2
21:45:50.589 [AsyncHttpClient-1-2] DEBUG io.netty.util.Recycler - -Dio.netty.recycler.linkCapacity: 16
21:45:50.589 [AsyncHttpClient-1-2] DEBUG io.netty.util.Recycler - -Dio.netty.recycler.ratio: 8
21:45:50.589 [AsyncHttpClient-1-2] DEBUG io.netty.util.Recycler - -Dio.netty.recycler.delayedQueue.ratio: 8
21:45:59.637 [AsyncHttpClient-1-3] DEBUG io.netty.buffer.PoolThreadCache - Freed 2 thread-local buffer(s) from thread: AsyncHttpClient-1-3
21:22:58.375 [main] INFO  stepDefinitions.steps - Home Page Displayed 
21:23:06.165 [main] INFO  stepDefinitions.steps - Search Result Page Displayed 
21:23:06.956 [main] INFO  stepDefinitions.steps - Search Result Page Displayed products 
21:23:21.013 [main] INFO  stepDefinitions.steps - Search Result Page Displayed products 
21:23:32.784 [main] INFO  stepDefinitions.steps - Product added to trolley
21:23:43.227 [main] INFO  stepDefinitions.steps -  Trolley contains selected product 
21:23:43.296 [main] INFO  stepDefinitions.steps - Products quantity in basket verifyed 
21:23:44.607 [main] INFO  stepDefinitions.steps - Increase the product quantity 
21:23:44.660 [main] INFO  stepDefinitions.steps -  Product quantity increased in basket
21:34:25.630 [main] INFO  stepDefinitions.steps - Home Page Displayed
21:34:39.344 [main] INFO  stepDefinitions.steps - Search Result Page Displayed 
21:34:39.522 [main] INFO  stepDefinitions.steps - Search Result Page Displayed with expected products 
21:34:48.480 [main] INFO  stepDefinitions.steps - Product is availble in search results page
21:35:01.208 [main] INFO  stepDefinitions.steps - Product added to trolley
21:35:09.267 [main] INFO  stepDefinitions.steps - Trolley contains selected product 
21:35:09.445 [main] INFO  stepDefinitions.steps - Products quantity in basket verified
21:35:12.285 [main] INFO  stepDefinitions.steps - Increase the product quantity
21:35:12.317 [main] INFO  stepDefinitions.steps - Product quantity also increased in basket after increment
22:10:29.991 [pool-2-thread-1] INFO  stepDefinitions.steps - Home Page Displayed
22:10:35.484 [pool-2-thread-1] INFO  stepDefinitions.steps - Search Result Page Displayed 
22:10:35.998 [pool-2-thread-1] INFO  stepDefinitions.steps - Search Result Page Displayed with expected products 
22:13:38.887 [pool-2-thread-1] INFO  stepDefinitions.steps - Home Page Displayed
22:13:52.268 [pool-2-thread-1] INFO  stepDefinitions.steps - Search Result Page Displayed 
22:13:52.410 [pool-2-thread-1] INFO  stepDefinitions.steps - Search Result Page Displayed with expected products 
22:14:00.474 [pool-2-thread-1] INFO  stepDefinitions.steps - Product is availble in search results page
22:14:14.396 [pool-2-thread-1] INFO  stepDefinitions.steps - Product added to trolley
22:14:24.289 [pool-2-thread-1] INFO  stepDefinitions.steps - Trolley contains selected product 
22:14:24.909 [pool-2-thread-1] INFO  stepDefinitions.steps - Products quantity in basket verified
22:14:26.282 [pool-2-thread-1] INFO  stepDefinitions.steps - Increase the product quantity
22:14:26.389 [pool-2-thread-1] INFO  stepDefinitions.steps - Product quantity also increased in basket after increment
22:18:25.873 [pool-2-thread-1] INFO  stepDefinitions.steps - Home Page Displayed
22:18:32.426 [pool-2-thread-1] INFO  stepDefinitions.steps - Search Result Page Displayed 
22:18:33.313 [pool-2-thread-1] INFO  stepDefinitions.steps - Search Result Page Displayed with expected products 
22:18:43.280 [pool-2-thread-1] INFO  stepDefinitions.steps - Product is availble in search results page
22:18:56.187 [pool-2-thread-1] INFO  stepDefinitions.steps - Product added to trolley
22:19:06.427 [pool-2-thread-1] INFO  stepDefinitions.steps - Trolley contains selected product 
22:19:06.581 [pool-2-thread-1] INFO  stepDefinitions.steps - Products quantity in basket verified
22:19:08.322 [pool-2-thread-1] INFO  stepDefinitions.steps - Increase the product quantity
22:19:08.610 [pool-2-thread-1] INFO  stepDefinitions.steps - Product quantity also increased in basket after increment
22:21:19.257 [main] INFO  stepDefinitions.steps - Home Page Displayed
22:21:28.766 [main] INFO  stepDefinitions.steps - Search Result Page Displayed 
22:21:29.035 [main] INFO  stepDefinitions.steps - Search Result Page Displayed with expected products 
22:21:38.229 [main] INFO  stepDefinitions.steps - Product is availble in search results page
22:21:53.189 [main] INFO  stepDefinitions.steps - Product added to trolley
22:22:01.388 [main] INFO  stepDefinitions.steps - Trolley contains selected product 
22:22:01.604 [main] INFO  stepDefinitions.steps - Products quantity in basket verified
22:22:03.620 [main] INFO  stepDefinitions.steps - Increase the product quantity
22:22:03.730 [main] INFO  stepDefinitions.steps - Product quantity also increased in basket after increment
22:25:34.435 [main] INFO  stepDefinitions.steps - Home Page Displayed
22:25:42.973 [main] INFO  stepDefinitions.steps - Search Result Page Displayed 
22:25:43.603 [main] INFO  stepDefinitions.steps - Search Result Page Displayed with expected products 
22:31:44.717 [pool-2-thread-1] INFO  stepDefinitions.steps - Home Page Displayed
22:31:58.310 [pool-2-thread-1] INFO  stepDefinitions.steps - Search Result Page Displayed 
22:31:58.513 [pool-2-thread-1] INFO  stepDefinitions.steps - Search Result Page Displayed with expected products 
22:32:05.036 [pool-2-thread-1] INFO  stepDefinitions.steps - Product is availble in search results page
22:32:14.732 [pool-2-thread-1] INFO  stepDefinitions.steps - Product added to trolley
22:32:21.849 [pool-2-thread-1] INFO  stepDefinitions.steps - Trolley contains selected product 
22:32:21.901 [pool-2-thread-1] INFO  stepDefinitions.steps - Products quantity in basket verified
22:32:22.621 [pool-2-thread-1] INFO  stepDefinitions.steps - Increase the product quantity
22:32:22.679 [pool-2-thread-1] INFO  stepDefinitions.steps - Product quantity also increased in basket after increment
10:20:49.667 [pool-2-thread-1] INFO  stepDefinitions.steps - Home Page Displayed
10:21:15.940 [pool-2-thread-1] INFO  stepDefinitions.steps - Search Result Page Displayed 
10:21:16.462 [pool-2-thread-1] INFO  stepDefinitions.steps - Search Result Page Displayed with expected products 
10:21:35.119 [pool-2-thread-1] INFO  stepDefinitions.steps - Product is availble in search results page
10:21:56.520 [pool-2-thread-1] INFO  stepDefinitions.steps - Product added to trolley
10:22:04.321 [pool-2-thread-1] INFO  stepDefinitions.steps - Trolley contains selected product 
10:22:05.170 [pool-2-thread-1] INFO  stepDefinitions.steps - Products quantity in basket verified
10:22:07.454 [pool-2-thread-1] INFO  stepDefinitions.steps - Increase the product quantity
10:22:07.491 [pool-2-thread-1] INFO  stepDefinitions.steps - Product quantity also increased in basket after increment
10:23:40.826 [pool-2-thread-1] INFO  stepDefinitions.steps - Home Page Displayed
10:24:08.138 [pool-2-thread-1] INFO  stepDefinitions.steps - Search Result Page Displayed 
10:24:08.675 [pool-2-thread-1] INFO  stepDefinitions.steps - Search Result Page Displayed with expected products 
10:24:32.159 [pool-2-thread-1] INFO  stepDefinitions.steps - Product is availble in search results page
10:24:49.897 [pool-2-thread-1] INFO  stepDefinitions.steps - Product added to trolley
10:25:00.981 [pool-2-thread-1] INFO  stepDefinitions.steps - Trolley contains selected product 
10:25:01.013 [pool-2-thread-1] INFO  stepDefinitions.steps - Products quantity in basket verified
10:25:02.188 [pool-2-thread-1] INFO  stepDefinitions.steps - Increase the product quantity
10:25:02.705 [pool-2-thread-1] INFO  stepDefinitions.steps - Product quantity also increased in basket after increment
